# JRE version: Java(TM) SE Runtime Environment (21.0.4+8) (build 21.0.4+8-LTS-274)
# Java VM: Java HotSpot(TM) 64-Bit Server VM (21.0.4+8-LTS-274, mixed mode, sharing, tiered, compressed oops, compressed class ptrs, g1 gc, windows-amd64)
GC Precious Log:
 CardTable entry size: 512
 Card Set container configuration: InlinePtr #cards 4 size 8 Array Of Cards #cards 16 size 48 Howl #buckets 8 coarsen threshold 3686 Howl Bitmap #cards 512 size 80 coarsen threshold 460 Card regions per heap region 1 cards per card region 4096
 CPUs: 16 total, 16 available
 Memory: 16068M
 Large Page Support: Disabled
 NUMA Support: Disabled
 Compressed Oops: Enabled (Zero based)
 Heap Region Size: 2M
 Heap Min Capacity: 8M
 Heap Initial Capacity: 252M
 Heap Max Capacity: 4018M
 Pre-touch: Disabled
 Parallel Workers: 13
 Concurrent Workers: 3
 Concurrent Refinement Workers: 13
 Periodic GC: Disabled
Heap:
 garbage-first heap   total 75776K, used 56798K [0x0000000704e00000, 0x0000000800000000)
  region size 2048K, 14 young (28672K), 2 survivors (4096K)
 Metaspace       used 40577K, committed 41472K, reserved 1114112K
  class space    used 4526K, committed 4864K, reserved 1048576K
GC Heap History (20 events):
Event: 100.416 GC heap before
{Heap before GC invocations=9 (full 0):
 garbage-first heap   total 61440K, used 48771K [0x0000000704e00000, 0x0000000800000000)
  region size 2048K, 18 young (36864K), 2 survivors (4096K)
 Metaspace       used 26236K, committed 26496K, reserved 1114112K
  class space    used 2913K, committed 3008K, reserved 1048576K
}
Event: 100.422 GC heap after
{Heap after GC invocations=10 (full 0):
 garbage-first heap   total 61440K, used 17813K [0x0000000704e00000, 0x0000000800000000)
  region size 2048K, 1 young (2048K), 1 survivors (2048K)
 Metaspace       used 26236K, committed 26496K, reserved 1114112K
  class space    used 2913K, committed 3008K, reserved 1048576K
}
Event: 112.245 GC heap before
{Heap before GC invocations=10 (full 0):
 garbage-first heap   total 61440K, used 52629K [0x0000000704e00000, 0x0000000800000000)
  region size 2048K, 18 young (36864K), 1 survivors (2048K)
 Metaspace       used 29293K, committed 29696K, reserved 1114112K
  class space    used 3212K, committed 3392K, reserved 1048576K
}
Event: 112.253 GC heap after
{Heap after GC invocations=11 (full 0):
 garbage-first heap   total 61440K, used 19500K [0x0000000704e00000, 0x0000000800000000)
  region size 2048K, 2 young (4096K), 2 survivors (4096K)
 Metaspace       used 29293K, committed 29696K, reserved 1114112K
  class space    used 3212K, committed 3392K, reserved 1048576K
}
Event: 117.411 GC heap before
{Heap before GC invocations=11 (full 0):
 garbage-first heap   total 61440K, used 60460K [0x0000000704e00000, 0x0000000800000000)
  region size 2048K, 18 young (36864K), 2 survivors (4096K)
 Metaspace       used 35494K, committed 35840K, reserved 1114112K
  class space    used 3951K, committed 4096K, reserved 1048576K
}
Event: 117.433 GC heap after
{Heap after GC invocations=12 (full 0):
 garbage-first heap   total 75776K, used 38836K [0x0000000704e00000, 0x0000000800000000)
  region size 2048K, 3 young (6144K), 3 survivors (6144K)
 Metaspace       used 35494K, committed 35840K, reserved 1114112K
  class space    used 3951K, committed 4096K, reserved 1048576K
}
Event: 117.533 GC heap before
{Heap before GC invocations=12 (full 0):
 garbage-first heap   total 75776K, used 40884K [0x0000000704e00000, 0x0000000800000000)
  region size 2048K, 5 young (10240K), 3 survivors (6144K)
 Metaspace       used 35618K, committed 35968K, reserved 1114112K
  class space    used 3963K, committed 4096K, reserved 1048576K
}
Event: 117.539 GC heap after
{Heap after GC invocations=13 (full 0):
 garbage-first heap   total 75776K, used 40420K [0x0000000704e00000, 0x0000000800000000)
  region size 2048K, 1 young (2048K), 1 survivors (2048K)
 Metaspace       used 35618K, committed 35968K, reserved 1114112K
  class space    used 3963K, committed 4096K, reserved 1048576K
}
Event: 118.100 GC heap before
{Heap before GC invocations=14 (full 0):
 garbage-first heap   total 75776K, used 60900K [0x0000000704e00000, 0x0000000800000000)
  region size 2048K, 11 young (22528K), 1 survivors (2048K)
 Metaspace       used 36854K, committed 37248K, reserved 1114112K
  class space    used 4107K, committed 4288K, reserved 1048576K
}
Event: 118.107 GC heap after
{Heap after GC invocations=15 (full 0):
 garbage-first heap   total 75776K, used 41094K [0x0000000704e00000, 0x0000000800000000)
  region size 2048K, 1 young (2048K), 1 survivors (2048K)
 Metaspace       used 36854K, committed 37248K, reserved 1114112K
  class space    used 4107K, committed 4288K, reserved 1048576K
}
Event: 119.296 GC heap before
{Heap before GC invocations=15 (full 0):
 garbage-first heap   total 75776K, used 59526K [0x0000000704e00000, 0x0000000800000000)
  region size 2048K, 11 young (22528K), 1 survivors (2048K)
 Metaspace       used 38767K, committed 39232K, reserved 1114112K
  class space    used 4334K, committed 4544K, reserved 1048576K
}
Event: 119.310 GC heap after
{Heap after GC invocations=16 (full 0):
 garbage-first heap   total 75776K, used 42179K [0x0000000704e00000, 0x0000000800000000)
  region size 2048K, 2 young (4096K), 2 survivors (4096K)
 Metaspace       used 38767K, committed 39232K, reserved 1114112K
  class space    used 4334K, committed 4544K, reserved 1048576K
}
Event: 127.150 GC heap before
{Heap before GC invocations=16 (full 0):
 garbage-first heap   total 75776K, used 62659K [0x0000000704e00000, 0x0000000800000000)
  region size 2048K, 12 young (24576K), 2 survivors (4096K)
 Metaspace       used 38899K, committed 39360K, reserved 1114112K
  class space    used 4335K, committed 4544K, reserved 1048576K
}
Event: 127.159 GC heap after
{Heap after GC invocations=17 (full 0):
 garbage-first heap   total 75776K, used 42699K [0x0000000704e00000, 0x0000000800000000)
  region size 2048K, 1 young (2048K), 1 survivors (2048K)
 Metaspace       used 38899K, committed 39360K, reserved 1114112K
  class space    used 4335K, committed 4544K, reserved 1048576K
}
Event: 138.055 GC heap before
{Heap before GC invocations=18 (full 0):
 garbage-first heap   total 75776K, used 59083K [0x0000000704e00000, 0x0000000800000000)
  region size 2048K, 12 young (24576K), 1 survivors (2048K)
 Metaspace       used 39560K, committed 40064K, reserved 1114112K
  class space    used 4385K, committed 4608K, reserved 1048576K
}
Event: 138.058 GC heap after
{Heap after GC invocations=19 (full 0):
 garbage-first heap   total 75776K, used 39796K [0x0000000704e00000, 0x0000000800000000)
  region size 2048K, 2 young (4096K), 2 survivors (4096K)
 Metaspace       used 39560K, committed 40064K, reserved 1114112K
  class space    used 4385K, committed 4608K, reserved 1048576K
}
Event: 146.083 GC heap before
{Heap before GC invocations=19 (full 0):
 garbage-first heap   total 75776K, used 64372K [0x0000000704e00000, 0x0000000800000000)
  region size 2048K, 14 young (28672K), 2 survivors (4096K)
 Metaspace       used 41026K, committed 41536K, reserved 1114112K
  class space    used 4601K, committed 4864K, reserved 1048576K
}
Event: 146.090 GC heap after
{Heap after GC invocations=20 (full 0):
 garbage-first heap   total 75776K, used 35655K [0x0000000704e00000, 0x0000000800000000)
  region size 2048K, 2 young (4096K), 2 survivors (4096K)
 Metaspace       used 41026K, committed 41536K, reserved 1114112K
  class space    used 4601K, committed 4864K, reserved 1048576K
}
Event: 154.511 GC heap before
{Heap before GC invocations=20 (full 0):
 garbage-first heap   total 75776K, used 60231K [0x0000000704e00000, 0x0000000800000000)
  region size 2048K, 15 young (30720K), 2 survivors (4096K)
 Metaspace       used 41942K, committed 42432K, reserved 1114112K
  class space    used 4692K, committed 4928K, reserved 1048576K
}
Event: 154.514 GC heap after
{Heap after GC invocations=21 (full 0):
 garbage-first heap   total 75776K, used 36318K [0x0000000704e00000, 0x0000000800000000)
  region size 2048K, 2 young (4096K), 2 survivors (4096K)
 Metaspace       used 41942K, committed 42432K, reserved 1114112K
  class space    used 4692K, committed 4928K, reserved 1048576K
}

